0 info it worked if it ends with ok
1 verbose cli [ '/usr/local/bin/node', '/usr/local/bin/npm', 'publish' ]
2 info using npm@3.10.3
3 info using node@v4.4.7
4 verbose publish [ '.' ]
5 silly cache add args [ '.', null ]
6 verbose cache add spec .
7 silly cache add parsed spec Result {
7 silly cache add   raw: '.',
7 silly cache add   scope: null,
7 silly cache add   escapedName: null,
7 silly cache add   name: null,
7 silly cache add   rawSpec: '.',
7 silly cache add   spec: '/Users/jacebuquia/Sites/tests/piratebay',
7 silly cache add   type: 'directory' }
8 verbose addLocalDirectory /Users/jacebuquia/.npm/pbs/1.0.0/package.tgz not in flight; packing
9 verbose correctMkdir /Users/jacebuquia/.npm correctMkdir not in flight; initializing
10 info lifecycle pbs@1.0.0~prepublish: pbs@1.0.0
11 silly lifecycle pbs@1.0.0~prepublish: no script for prepublish, continuing
12 verbose tar pack [ '/Users/jacebuquia/.npm/pbs/1.0.0/package.tgz',
12 verbose tar pack   '/Users/jacebuquia/Sites/tests/piratebay' ]
13 verbose tarball /Users/jacebuquia/.npm/pbs/1.0.0/package.tgz
14 verbose folder /Users/jacebuquia/Sites/tests/piratebay
15 verbose addLocalTarball adding from inside cache /Users/jacebuquia/.npm/pbs/1.0.0/package.tgz
16 verbose correctMkdir /Users/jacebuquia/.npm correctMkdir not in flight; initializing
17 silly cache afterAdd pbs@1.0.0
18 verbose afterAdd /Users/jacebuquia/.npm/pbs/1.0.0/package/package.json not in flight; writing
19 verbose correctMkdir /Users/jacebuquia/.npm correctMkdir not in flight; initializing
20 verbose afterAdd /Users/jacebuquia/.npm/pbs/1.0.0/package/package.json written
21 silly publish { name: 'pbs',
21 silly publish   version: '1.0.0',
21 silly publish   description: 'CLI tool for searching piratebay',
21 silly publish   main: 'index.js',
21 silly publish   scripts: { test: 'echo "Error: no test specified" && exit 1' },
21 silly publish   author: '',
21 silly publish   license: 'ISC',
21 silly publish   dependencies:
21 silly publish    { cheerio: '^0.22.0',
21 silly publish      colors: '^1.1.2',
21 silly publish      'command-line-args': '^3.0.1',
21 silly publish      nightmare: '^2.6.1',
21 silly publish      readline: '^1.3.0',
21 silly publish      request: '^2.74.0' },
21 silly publish   bin: { piratebay: 'bin/piratebay' },
21 silly publish   preferGlobal: true,
21 silly publish   readme: '# PBS\nCLI tool for piratebay search\n\n> WIP',
21 silly publish   readmeFilename: 'README.md',
21 silly publish   gitHead: '93e29d47cf255b2bf3a0471f0bd4b102adf299d7',
21 silly publish   _id: 'pbs@1.0.0',
21 silly publish   _shasum: '53bff8337670a670dedfd93cef4681e81b75cf45',
21 silly publish   _from: '.' }
22 verbose getPublishConfig undefined
23 silly mapToRegistry name pbs
24 silly mapToRegistry using default registry
25 silly mapToRegistry registry https://registry.npmjs.org/
26 silly mapToRegistry data Result {
26 silly mapToRegistry   raw: 'pbs',
26 silly mapToRegistry   scope: null,
26 silly mapToRegistry   escapedName: 'pbs',
26 silly mapToRegistry   name: 'pbs',
26 silly mapToRegistry   rawSpec: '',
26 silly mapToRegistry   spec: 'latest',
26 silly mapToRegistry   type: 'tag' }
27 silly mapToRegistry uri https://registry.npmjs.org/pbs
28 verbose publish registryBase https://registry.npmjs.org/
29 silly publish uploading /Users/jacebuquia/.npm/pbs/1.0.0/package.tgz
30 verbose request uri https://registry.npmjs.org/pbs
31 verbose request sending authorization for write operation
32 info attempt registry request try #1 at 7:22:45 PM
33 verbose request using bearer token for auth
34 verbose request id f162bd327fdc93cf
35 http request PUT https://registry.npmjs.org/pbs
36 http 403 https://registry.npmjs.org/pbs
37 verbose headers { 'content-type': 'application/json',
37 verbose headers   'cache-control': 'max-age=300',
37 verbose headers   'content-length': '97',
37 verbose headers   'accept-ranges': 'bytes',
37 verbose headers   date: 'Wed, 07 Sep 2016 11:22:47 GMT',
37 verbose headers   via: '1.1 varnish',
37 verbose headers   connection: 'keep-alive',
37 verbose headers   'x-served-by': 'cache-hkg6821-HKG',
37 verbose headers   'x-cache': 'MISS',
37 verbose headers   'x-cache-hits': '0',
37 verbose headers   'x-timer': 'S1473247366.499360,VS0,VE766',
37 verbose headers   vary: 'Accept-Encoding' }
38 verbose request invalidating /Users/jacebuquia/.npm/registry.npmjs.org/pbs on PUT
39 error publish Failed PUT 403
40 verbose stack Error: you do not have permission to publish "pbs". Are you logged in as the correct user? : pbs
40 verbose stack     at makeError (/usr/local/lib/node_modules/npm/node_modules/npm-registry-client/lib/request.js:264:12)
40 verbose stack     at CachingRegistryClient.<anonymous> (/usr/local/lib/node_modules/npm/node_modules/npm-registry-client/lib/request.js:252:14)
40 verbose stack     at Request._callback (/usr/local/lib/node_modules/npm/node_modules/npm-registry-client/lib/request.js:172:14)
40 verbose stack     at Request.self.callback (/usr/local/lib/node_modules/npm/node_modules/request/request.js:200:22)
40 verbose stack     at emitTwo (events.js:87:13)
40 verbose stack     at Request.emit (events.js:172:7)
40 verbose stack     at Request.<anonymous> (/usr/local/lib/node_modules/npm/node_modules/request/request.js:1067:10)
40 verbose stack     at emitOne (events.js:82:20)
40 verbose stack     at Request.emit (events.js:169:7)
40 verbose stack     at IncomingMessage.<anonymous> (/usr/local/lib/node_modules/npm/node_modules/request/request.js:988:12)
41 verbose statusCode 403
42 verbose pkgid pbs
43 verbose cwd /Users/jacebuquia/Sites/tests/piratebay
44 error Darwin 15.6.0
45 error argv "/usr/local/bin/node" "/usr/local/bin/npm" "publish"
46 error node v4.4.7
47 error npm  v3.10.3
48 error code E403
49 error you do not have permission to publish "pbs". Are you logged in as the correct user? : pbs
50 error If you need help, you may report this error at:
50 error     <https://github.com/npm/npm/issues>
51 verbose exit [ 1, true ]
